<?xml version="1.0" ?>
<coverage branch-rate="0" branches-covered="0" branches-valid="2" complexity="0" line-rate="0.8537" lines-covered="35" lines-valid="41" timestamp="1587096564992" version="5.1">
	<!-- Generated by coverage.py: https://coverage.readthedocs.io -->
	<!-- Based on https://raw.githubusercontent.com/cobertura/web/master/htdocs/xml/coverage-04.dtd -->
	<sources>
		<source>C:\dl\Dropbox\mat-dir\myapps\pypi-projects\xtl-read-assistant\xtl_read_assistant</source>
	</sources>
	<packages>
		<package branch-rate="0" complexity="0" line-rate="0.8537" name=".">
			<classes>
				<class branch-rate="1" complexity="0" filename="__init__.py" line-rate="1" name="__init__.py">
					<methods/>
					<lines>
						<line hits="1" number="2"/>
						<line hits="1" number="5"/>
						<line hits="1" number="6"/>
						<line hits="1" number="7"/>
					</lines>
				</class>
				<class branch-rate="0" complexity="0" filename="read_assist.py" line-rate="0.8378" name="read_assist.py">
					<methods/>
					<lines>
						<line hits="1" number="9"/>
						<line hits="1" number="10"/>
						<line hits="1" number="12"/>
						<line hits="1" number="13"/>
						<line hits="1" number="14"/>
						<line hits="1" number="18"/>
						<line hits="1" number="19"/>
						<line hits="1" number="20"/>
						<line hits="1" number="22"/>
						<line hits="1" number="24"/>
						<line hits="1" number="26"/>
						<line hits="1" number="30"/>
						<line hits="1" number="31"/>
						<line hits="1" number="32"/>
						<line hits="1" number="33"/>
						<line hits="1" number="34"/>
						<line hits="1" number="36"/>
						<line hits="1" number="37"/>
						<line hits="1" number="40"/>
						<line hits="1" number="41"/>
						<line hits="1" number="46"/>
						<line hits="1" number="53"/>
						<line hits="1" number="60"/>
						<line hits="1" number="68"/>
						<line hits="1" number="75"/>
						<line hits="1" number="78"/>
						<line hits="1" number="82"/>
						<line hits="1" number="85"/>
						<line hits="1" number="93"/>
						<line hits="0" number="100"/>
						<line hits="0" number="102"/>
						<line branch="true" condition-coverage="0% (0/2)" hits="0" missing-branches="119,121" number="118"/>
						<line hits="0" number="119"/>
						<line hits="0" number="121"/>
						<line hits="1" number="142"/>
						<line hits="0" number="145"/>
						<line hits="1" number="148"/>
					</lines>
				</class>
			</classes>
		</package>
	</packages>
</coverage>
